<?xml version="1.0" encoding="UTF-8"?>
<testng-results skipped="0" failed="0" ignored="0" total="2" passed="2">
  <reporter-output>
  </reporter-output>
  <suite name="Default suite" duration-ms="35239" started-at="2021-07-27T04:57:54Z" finished-at="2021-07-27T04:58:29Z">
    <groups>
    </groups>
    <test name="Default test" duration-ms="35239" started-at="2021-07-27T04:57:54Z" finished-at="2021-07-27T04:58:29Z">
      <class name="com.vfislk.com.LoginTest">
        <test-method status="PASS" signature="setup(java.lang.String)[pri:0, instance:com.vfislk.com.LoginTest@56235b8e]" name="setup" is-config="true" duration-ms="12896" started-at="2021-07-27T10:27:54Z" finished-at="2021-07-27T10:28:07Z">
          <params>
            <param index="0">
              <value>
                <![CDATA[ch]]>
              </value>
            </param>
          </params>
          <reporter-output>
          </reporter-output>
        </test-method> <!-- setup -->
        <test-method status="PASS" signature="ValidCredentialTest()[pri:0, instance:com.vfislk.com.LoginTest@56235b8e]" name="ValidCredentialTest" duration-ms="6748" started-at="2021-07-27T10:28:07Z" finished-at="2021-07-27T10:28:14Z">
          <reporter-output>
          </reporter-output>
        </test-method> <!-- ValidCredentialTest -->
        <test-method status="PASS" signature="tearup()[pri:0, instance:com.vfislk.com.LoginTest@56235b8e]" name="tearup" is-config="true" duration-ms="2232" started-at="2021-07-27T10:28:14Z" finished-at="2021-07-27T10:28:16Z">
          <reporter-output>
          </reporter-output>
        </test-method> <!-- tearup -->
        <test-method status="PASS" signature="setup(java.lang.String)[pri:0, instance:com.vfislk.com.LoginTest@56235b8e]" name="setup" is-config="true" duration-ms="10012" started-at="2021-07-27T10:28:16Z" finished-at="2021-07-27T10:28:26Z">
          <params>
            <param index="0">
              <value>
                <![CDATA[ch]]>
              </value>
            </param>
          </params>
          <reporter-output>
          </reporter-output>
        </test-method> <!-- setup -->
        <test-method status="PASS" signature="invalidCredentialTest()[pri:0, instance:com.vfislk.com.LoginTest@56235b8e]" name="invalidCredentialTest" duration-ms="1939" started-at="2021-07-27T10:28:26Z" finished-at="2021-07-27T10:28:28Z">
          <reporter-output>
          </reporter-output>
        </test-method> <!-- invalidCredentialTest -->
        <test-method status="PASS" signature="tearup()[pri:0, instance:com.vfislk.com.LoginTest@56235b8e]" name="tearup" is-config="true" duration-ms="1332" started-at="2021-07-27T10:28:28Z" finished-at="2021-07-27T10:28:29Z">
          <reporter-output>
          </reporter-output>
        </test-method> <!-- tearup -->
      </class> <!-- com.vfislk.com.LoginTest -->
    </test> <!-- Default test -->
  </suite> <!-- Default suite -->
</testng-results>
